2208sdk/Android_SDK_2208/2208test/2208test/hellochartslibrary/build/intermediates/manifest_merge_blame_file/debug/manifest-merger-blame-debug-report.txt
1<?xml version="1.0" encoding="utf-8"?>
2<manifest xmlns:android="http://schemas.android.com/apk/res/android"
3    package="lecho.lib.hellocharts"
4    android:versionCode="2"
5    android:versionName="1.1" >
6
7    <uses-sdk
7-->src\main\AndroidManifest.xml:7:5-9:42
8        android:minSdkVersion="18"
8-->src\main\AndroidManifest.xml:7:5-9:42
9        android:targetSdkVersion="27" />
9-->src\main\AndroidManifest.xml:9:9-38
10
11</manifest>